<?xml version="1.0" encoding="UTF-8"?>
<!-- Generated by org.testng.reporters.JUnitXMLReporter -->
<testsuite ignored="1" hostname="TYSS-Ranjeet" failures="0" tests="1" name="Ecomerce1" time="0.206" errors="0" timestamp="2024-07-31T07:05:31 IST">
  <testcase classname="FramworkDesign.Tests.Ecomerce1" name="submitOrder" time="0.0">
    <skipped/>
  </testcase> <!-- submitOrder -->
  <testcase classname="FramworkDesign.Tests.Ecomerce1" name="orderHistorytest" time="0.0">
    <ignored/>
  </testcase> <!-- orderHistorytest -->
</testsuite> <!-- Ecomerce1 -->
