<?xml version="1.0" encoding="UTF-8"?>
<testng-results ignored="0" total="1" passed="1" failed="0" skipped="0">
  <reporter-output>
  </reporter-output>
  <suite started-at="2024-07-24T12:43:54 IST" name="Suite" finished-at="2024-07-24T12:44:20 IST" duration-ms="25758">
    <groups>
      <group name="ErrorHandling">
        <method signature="ErrorValidation.productErrorvalidation()[pri:0, instance:FramworkDesign.Tests.ErrorValidation@5db6b9cd]" name="productErrorvalidation" class="FramworkDesign.Tests.ErrorValidation"/>
      </group> <!-- ErrorHandling -->
      <group name="Purchase">
        <method signature="Ecomerce1.submitOrder(java.util.HashMap)[pri:0, instance:FramworkDesign.Tests.Ecomerce1@70ed52de]" name="submitOrder" class="FramworkDesign.Tests.Ecomerce1"/>
      </group> <!-- Purchase -->
    </groups>
    <test started-at="2024-07-24T12:43:54 IST" name="ErrorMessage" finished-at="2024-07-24T12:44:20 IST" duration-ms="25758">
      <class name="FramworkDesign.Tests.ErrorValidation">
        <test-method is-config="true" signature="launchApplication()[pri:0, instance:FramworkDesign.Tests.ErrorValidation@5db6b9cd]" started-at="2024-07-24T12:43:54 IST" name="launchApplication" finished-at="2024-07-24T12:44:00 IST" duration-ms="5920" status="PASS">
          <reporter-output>
          </reporter-output>
        </test-method> <!-- launchApplication -->
        <test-method signature="productErrorvalidation()[pri:0, instance:FramworkDesign.Tests.ErrorValidation@5db6b9cd]" started-at="2024-07-24T12:44:00 IST" name="productErrorvalidation" finished-at="2024-07-24T12:44:20 IST" duration-ms="19756" status="PASS">
          <reporter-output>
          </reporter-output>
        </test-method> <!-- productErrorvalidation -->
        <test-method is-config="true" signature="closebroser()[pri:0, instance:FramworkDesign.Tests.ErrorValidation@5db6b9cd]" started-at="2024-07-24T12:44:20 IST" name="closebroser" finished-at="2024-07-24T12:44:20 IST" duration-ms="30" status="PASS">
          <reporter-output>
          </reporter-output>
        </test-method> <!-- closebroser -->
      </class> <!-- FramworkDesign.Tests.ErrorValidation -->
    </test> <!-- ErrorMessage -->
  </suite> <!-- Suite -->
</testng-results>
